<?xml version="1.0" encoding="UTF-8"?>
<!-- Generated by org.testng.reporters.JUnitReportReporter -->
<testsuite hostname="DESKTOP-1ID3PIC" failures="0" tests="6" name="soucedemo.Checkout" time="9.187" errors="0" timestamp="2024-03-17T18:37:53 IST" skipped="0">
  <testcase classname="soucedemo.Checkout" name="emptyinputs" time="2.633"/>
  <system-out/>
  <testcase classname="soucedemo.Checkout" name="emptyinputs" time="2.569"/>
  <system-out/>
  <testcase classname="soucedemo.Checkout" name="emptyinputs" time="2.735"/>
  <system-out/>
  <testcase classname="soucedemo.Checkout" name="testCheckout" time="0.836"/>
  <system-out/>
  <testcase classname="soucedemo.Checkout" name="finishiButton" time="0.215"/>
  <system-out/>
  <testcase classname="soucedemo.Checkout" name="backHomeButton" time="0.199"/>
  <system-out/>
</testsuite> <!-- soucedemo.Checkout -->
