<?xml version="1.0" encoding="UTF-8"?>
<!-- Generated by org.testng.reporters.JUnitReportReporter -->
<testsuite hostname="DESKTOP-1ID3PIC" failures="0" tests="3" name="soucedemo.FooterTesting" time="24.951" errors="0" timestamp="2024-03-17T12:17:33 IST" skipped="0">
  <testcase classname="soucedemo.FooterTesting" name="linkTwitter" time="9.367"/>
  <system-out/>
  <testcase classname="soucedemo.FooterTesting" name="linkFacebook" time="7.689"/>
  <system-out/>
  <testcase classname="soucedemo.FooterTesting" name="linkLinkedIn" time="7.895"/>
  <system-out/>
</testsuite> <!-- soucedemo.FooterTesting -->
