<?xml version="1.0" encoding="UTF-8"?>
<!-- Generated by org.testng.reporters.JUnitReportReporter -->
<testsuite hostname="DESKTOP-1ID3PIC" failures="0" tests="7" name="soucedemo.MainPage" time="10.637" errors="0" timestamp="2024-03-16T15:15:00 IST" skipped="0">
  <testcase classname="soucedemo.MainPage" name="addToCart" time="2.290"/>
  <system-out/>
  <testcase classname="soucedemo.MainPage" name="removeButtonInCart" time="0.297"/>
  <system-out/>
  <testcase classname="soucedemo.MainPage" name="removeButtonInMain" time="0.217"/>
  <system-out/>
  <testcase classname="soucedemo.MainPage" name="sortDropdown" time="2.224"/>
  <system-out/>
  <testcase classname="soucedemo.MainPage" name="sortPriceLowtoHigh" time="2.229"/>
  <system-out/>
  <testcase classname="soucedemo.MainPage" name="sortPriceHightoLow" time="2.177"/>
  <system-out/>
  <testcase classname="soucedemo.MainPage" name="testCheckout" time="1.203"/>
  <system-out/>
</testsuite> <!-- soucedemo.MainPage -->
