<?xml version="1.0" encoding="UTF-8"?>
<!-- Generated by org.testng.reporters.JUnitReportReporter -->
<testsuite hostname="DESKTOP-1ID3PIC" failures="0" tests="13" name="soucedemo.MainPage" time="16.650" errors="0" timestamp="2024-03-16T17:00:02 IST" skipped="0">
  <testcase classname="soucedemo.MainPage" name="cartButton" time="0.222"/>
  <system-out/>
  <testcase classname="soucedemo.MainPage" name="addToCart" time="0.405"/>
  <system-out/>
  <testcase classname="soucedemo.MainPage" name="removeButtonInCart" time="0.192"/>
  <system-out/>
  <testcase classname="soucedemo.MainPage" name="removeButtonInMain" time="0.152"/>
  <system-out/>
  <testcase classname="soucedemo.MainPage" name="sortDropdown" time="2.172"/>
  <system-out/>
  <testcase classname="soucedemo.MainPage" name="sortPriceLowtoHigh" time="2.125"/>
  <system-out/>
  <testcase classname="soucedemo.MainPage" name="sortPriceHightoLow" time="2.122"/>
  <system-out/>
  <testcase classname="soucedemo.MainPage" name="emptyFirstName" time="2.699"/>
  <system-out/>
  <testcase classname="soucedemo.MainPage" name="emptyLastName" time="2.973"/>
  <system-out/>
  <testcase classname="soucedemo.MainPage" name="emptyZipCode" time="2.552"/>
  <system-out/>
  <testcase classname="soucedemo.MainPage" name="testCheckout" time="0.786"/>
  <system-out/>
  <testcase classname="soucedemo.MainPage" name="finishiButton" time="0.140"/>
  <system-out/>
  <testcase classname="soucedemo.MainPage" name="backHomeButton" time="0.110"/>
  <system-out/>
</testsuite> <!-- soucedemo.MainPage -->
