<?xml version="1.0" encoding="UTF-8"?>
<!-- Generated by org.testng.reporters.JUnitReportReporter -->
<testsuite hostname="DESKTOP-1ID3PIC" failures="0" tests="6" name="soucedemo.Checkout" time="7.605" errors="0" timestamp="2024-03-17T18:46:52 IST" skipped="0">
  <testcase classname="soucedemo.Checkout" name="emptyinputs" time="2.359"/>
  <system-out/>
  <testcase classname="soucedemo.Checkout" name="emptyinputs" time="2.390"/>
  <system-out/>
  <testcase classname="soucedemo.Checkout" name="emptyinputs" time="2.358"/>
  <system-out/>
  <testcase classname="soucedemo.Checkout" name="testCheckout" time="0.354"/>
  <system-out/>
  <testcase classname="soucedemo.Checkout" name="finishiButton" time="0.060"/>
  <system-out/>
  <testcase classname="soucedemo.Checkout" name="backHomeButton" time="0.084"/>
  <system-out/>
</testsuite> <!-- soucedemo.Checkout -->
