<?xml version="1.0" encoding="UTF-8"?>
<!-- Generated by org.testng.reporters.JUnitReportReporter -->
<testsuite hostname="DESKTOP-1ID3PIC" failures="0" tests="8" name="soucedemo.ProductSorting" time="16.992" errors="0" timestamp="2024-03-17T18:29:04 IST" skipped="0">
  <testcase classname="soucedemo.ProductSorting" name="sortDropdown" time="2.182"/>
  <system-out/>
  <testcase classname="soucedemo.ProductSorting" name="sortDropdown" time="2.112"/>
  <system-out/>
  <testcase classname="soucedemo.ProductSorting" name="sortDropdown" time="2.112"/>
  <system-out/>
  <testcase classname="soucedemo.ProductSorting" name="sortDropdown" time="2.124"/>
  <system-out/>
  <testcase classname="soucedemo.ProductSorting" name="checkSort" time="2.097"/>
  <system-out/>
  <testcase classname="soucedemo.ProductSorting" name="checkSort" time="2.133"/>
  <system-out/>
  <testcase classname="soucedemo.ProductSorting" name="checkSort" time="2.119"/>
  <system-out/>
  <testcase classname="soucedemo.ProductSorting" name="checkSort" time="2.113"/>
  <system-out/>
</testsuite> <!-- soucedemo.ProductSorting -->
