<?xml version="1.0" encoding="UTF-8"?>
<!-- Generated by org.testng.reporters.JUnitReportReporter -->
<testsuite hostname="DESKTOP-1ID3PIC" failures="0" tests="8" name="soucedemo.Login" time="41.836" errors="0" timestamp="2024-03-17T18:46:52 IST" skipped="0">
  <testcase classname="soucedemo.Login" name="incorrectPassword" time="0.986"/>
  <system-out/>
  <testcase classname="soucedemo.Login" name="incorrectName" time="0.270"/>
  <system-out/>
  <testcase classname="soucedemo.Login" name="correctNameAndPassword" time="10.281"/>
  <system-out/>
  <testcase classname="soucedemo.Login" name="correctNameAndPassword" time="5.255"/>
  <system-out/>
  <testcase classname="soucedemo.Login" name="correctNameAndPassword" time="5.299"/>
  <system-out/>
  <testcase classname="soucedemo.Login" name="correctNameAndPassword" time="5.305"/>
  <system-out/>
  <testcase classname="soucedemo.Login" name="correctNameAndPassword" time="5.285"/>
  <system-out/>
  <testcase classname="soucedemo.Login" name="logout" time="9.155"/>
  <system-out/>
</testsuite> <!-- soucedemo.Login -->
