<?xml version="1.0" encoding="UTF-8"?>
<!-- Generated by org.testng.reporters.JUnitReportReporter -->
<testsuite hostname="DESKTOP-1ID3PIC" failures="0" tests="4" name="soucedemo.Login" time="16.154" errors="0" timestamp="2024-03-17T12:56:44 IST" skipped="0">
  <testcase classname="soucedemo.Login" name="incorrectName" time="1.305"/>
  <system-out/>
  <testcase classname="soucedemo.Login" name="incorrectPassword" time="0.352"/>
  <system-out/>
  <testcase classname="soucedemo.Login" name="correctNameAndPassword" time="5.361"/>
  <system-out/>
  <testcase classname="soucedemo.Login" name="logout" time="9.136"/>
  <system-out/>
</testsuite> <!-- soucedemo.Login -->
