<?xml version="1.0" encoding="UTF-8"?>
<!-- Generated by org.testng.reporters.JUnitReportReporter -->
<testsuite hostname="DESKTOP-1ID3PIC" failures="0" tests="15" name="soucedemo.Cart" time="20.585" errors="0" timestamp="2024-03-17T18:26:37 IST" skipped="0">
  <testcase classname="soucedemo.Cart" name="cartButton" time="0.163"/>
  <system-out/>
  <testcase classname="soucedemo.Cart" name="addToCart" time="0.338"/>
  <system-out/>
  <testcase classname="soucedemo.Cart" name="removeButtonInCart" time="0.208"/>
  <system-out/>
  <testcase classname="soucedemo.Cart" name="removeButtonInMain" time="0.147"/>
  <system-out/>
  <testcase classname="soucedemo.Cart" name="removeButtonInMain" time="0.159"/>
  <system-out/>
  <testcase classname="soucedemo.Cart" name="removeButtonInMain" time="0.150"/>
  <system-out/>
  <testcase classname="soucedemo.Cart" name="removeButtonInMain" time="0.158"/>
  <system-out/>
  <testcase classname="soucedemo.Cart" name="removeButtonInMain" time="0.158"/>
  <system-out/>
  <testcase classname="soucedemo.Cart" name="removeButtonInMain" time="0.190"/>
  <system-out/>
  <testcase classname="soucedemo.Cart" name="productDetails" time="3.137"/>
  <system-out/>
  <testcase classname="soucedemo.Cart" name="productDetails" time="3.175"/>
  <system-out/>
  <testcase classname="soucedemo.Cart" name="productDetails" time="3.165"/>
  <system-out/>
  <testcase classname="soucedemo.Cart" name="productDetails" time="3.119"/>
  <system-out/>
  <testcase classname="soucedemo.Cart" name="productDetails" time="3.151"/>
  <system-out/>
  <testcase classname="soucedemo.Cart" name="productDetails" time="3.167"/>
  <system-out/>
</testsuite> <!-- soucedemo.Cart -->
