<?xml version="1.0" encoding="UTF-8"?>
<!-- Generated by org.testng.reporters.JUnitReportReporter -->
<testsuite hostname="DESKTOP-1ID3PIC" failures="0" tests="8" name="soucedemo.MainPage" time="8.422" errors="0" timestamp="2024-03-16T15:22:19 IST" skipped="0">
  <testcase classname="soucedemo.MainPage" name="cartButton" time="0.201"/>
  <system-out/>
  <testcase classname="soucedemo.MainPage" name="addToCart" time="0.418"/>
  <system-out/>
  <testcase classname="soucedemo.MainPage" name="removeButtonInCart" time="0.231"/>
  <system-out/>
  <testcase classname="soucedemo.MainPage" name="removeButtonInMain" time="0.181"/>
  <system-out/>
  <testcase classname="soucedemo.MainPage" name="sortDropdown" time="2.182"/>
  <system-out/>
  <testcase classname="soucedemo.MainPage" name="sortPriceLowtoHigh" time="2.135"/>
  <system-out/>
  <testcase classname="soucedemo.MainPage" name="sortPriceHightoLow" time="2.129"/>
  <system-out/>
  <testcase classname="soucedemo.MainPage" name="testCheckout" time="0.945"/>
  <system-out/>
</testsuite> <!-- soucedemo.MainPage -->
