<?xml version="1.0" encoding="UTF-8"?>
<!-- Generated by org.testng.reporters.JUnitReportReporter -->
<testsuite hostname="DESKTOP-1ID3PIC" failures="0" tests="3" name="soucedemo.FooterTesting" time="23.765" errors="0" timestamp="2024-03-17T18:38:33 IST" skipped="0">
  <testcase classname="soucedemo.FooterTesting" name="linkTwitter" time="7.283"/>
  <system-out/>
  <testcase classname="soucedemo.FooterTesting" name="linkTwitter" time="9.171"/>
  <system-out/>
  <testcase classname="soucedemo.FooterTesting" name="linkTwitter" time="7.311"/>
  <system-out/>
</testsuite> <!-- soucedemo.FooterTesting -->
