<?xml version="1.0" encoding="UTF-8"?>
<!-- Generated by org.testng.reporters.JUnitReportReporter -->
<testsuite hostname="DESKTOP-1ID3PIC" failures="0" tests="8" name="soucedemo.ProductSorting" time="16.923" errors="0" timestamp="2024-03-17T18:46:52 IST" skipped="0">
  <testcase classname="soucedemo.ProductSorting" name="sortDropdown" time="2.115"/>
  <system-out/>
  <testcase classname="soucedemo.ProductSorting" name="sortDropdown" time="2.100"/>
  <system-out/>
  <testcase classname="soucedemo.ProductSorting" name="sortDropdown" time="2.142"/>
  <system-out/>
  <testcase classname="soucedemo.ProductSorting" name="sortDropdown" time="2.140"/>
  <system-out/>
  <testcase classname="soucedemo.ProductSorting" name="checkSort" time="2.093"/>
  <system-out/>
  <testcase classname="soucedemo.ProductSorting" name="checkSort" time="2.102"/>
  <system-out/>
  <testcase classname="soucedemo.ProductSorting" name="checkSort" time="2.117"/>
  <system-out/>
  <testcase classname="soucedemo.ProductSorting" name="checkSort" time="2.114"/>
  <system-out/>
</testsuite> <!-- soucedemo.ProductSorting -->
