<?xml version="1.0" encoding="UTF-8"?>
<!-- Generated by org.testng.reporters.JUnitReportReporter -->
<testsuite hostname="DESKTOP-1ID3PIC" failures="0" tests="11" name="soucedemo.MainPage" time="16.716" errors="0" timestamp="2024-03-16T16:30:52 IST" skipped="0">
  <testcase classname="soucedemo.MainPage" name="cartButton" time="0.172"/>
  <system-out/>
  <testcase classname="soucedemo.MainPage" name="addToCart" time="0.414"/>
  <system-out/>
  <testcase classname="soucedemo.MainPage" name="removeButtonInCart" time="0.239"/>
  <system-out/>
  <testcase classname="soucedemo.MainPage" name="removeButtonInMain" time="0.179"/>
  <system-out/>
  <testcase classname="soucedemo.MainPage" name="sortDropdown" time="2.238"/>
  <system-out/>
  <testcase classname="soucedemo.MainPage" name="sortPriceLowtoHigh" time="2.156"/>
  <system-out/>
  <testcase classname="soucedemo.MainPage" name="sortPriceHightoLow" time="2.176"/>
  <system-out/>
  <testcase classname="soucedemo.MainPage" name="testCheckout" time="0.715"/>
  <system-out/>
  <testcase classname="soucedemo.MainPage" name="emptyFirstName" time="2.859"/>
  <system-out/>
  <testcase classname="soucedemo.MainPage" name="emptyLastName" time="2.888"/>
  <system-out/>
  <testcase classname="soucedemo.MainPage" name="emptyZipCode" time="2.680"/>
  <system-out/>
</testsuite> <!-- soucedemo.MainPage -->
