<?xml version="1.0" encoding="UTF-8"?>
<!-- Generated by org.testng.reporters.JUnitReportReporter -->
<testsuite hostname="DESKTOP-1ID3PIC" failures="0" tests="15" name="soucedemo.MainPage" time="16.645" errors="0" timestamp="2024-03-16T17:24:35 IST" skipped="0">
  <testcase classname="soucedemo.MainPage" name="cartButton" time="0.196"/>
  <system-out/>
  <testcase classname="soucedemo.MainPage" name="addToCart" time="0.412"/>
  <system-out/>
  <testcase classname="soucedemo.MainPage" name="removeButtonInCart" time="0.238"/>
  <system-out/>
  <testcase classname="soucedemo.MainPage" name="removeButtonInMain" time="0.192"/>
  <system-out/>
  <testcase classname="soucedemo.MainPage" name="sortDropdown" time="2.202"/>
  <system-out/>
  <testcase classname="soucedemo.MainPage" name="sortPriceLowtoHigh" time="2.160"/>
  <system-out/>
  <testcase classname="soucedemo.MainPage" name="sortPriceHightoLow" time="2.131"/>
  <system-out/>
  <testcase classname="soucedemo.MainPage" name="emptyFirstName" time="2.628"/>
  <system-out/>
  <testcase classname="soucedemo.MainPage" name="emptyLastName" time="2.599"/>
  <system-out/>
  <testcase classname="soucedemo.MainPage" name="emptyZipCode" time="2.616"/>
  <system-out/>
  <testcase classname="soucedemo.MainPage" name="testCheckout" time="0.790"/>
  <system-out/>
  <testcase classname="soucedemo.MainPage" name="finishiButton" time="0.127"/>
  <system-out/>
  <testcase classname="soucedemo.MainPage" name="backHomeButton" time="0.114"/>
  <system-out/>
  <testcase classname="soucedemo.MainPage" name="productDetails" time="0.119"/>
  <system-out/>
  <testcase classname="soucedemo.MainPage" name="backToProduts" time="0.121"/>
  <system-out/>
</testsuite> <!-- soucedemo.MainPage -->
