<?xml version="1.0" encoding="UTF-8"?>
<!-- Generated by org.testng.reporters.JUnitReportReporter -->
<testsuite hostname="DESKTOP-1ID3PIC" failures="0" tests="8" name="soucedemo.Login" time="42.828" errors="0" timestamp="2024-03-17T17:24:32 IST" skipped="0">
  <testcase classname="soucedemo.Login" name="incorrectPassword" time="1.174"/>
  <system-out/>
  <testcase classname="soucedemo.Login" name="incorrectName" time="0.490"/>
  <system-out/>
  <testcase classname="soucedemo.Login" name="correctNameAndPassword" time="5.475"/>
  <system-out/>
  <testcase classname="soucedemo.Login" name="correctNameAndPassword" time="10.430"/>
  <system-out/>
  <testcase classname="soucedemo.Login" name="correctNameAndPassword" time="5.348"/>
  <system-out/>
  <testcase classname="soucedemo.Login" name="correctNameAndPassword" time="5.402"/>
  <system-out/>
  <testcase classname="soucedemo.Login" name="correctNameAndPassword" time="5.372"/>
  <system-out/>
  <testcase classname="soucedemo.Login" name="logout" time="9.137"/>
  <system-out/>
</testsuite> <!-- soucedemo.Login -->
