<?xml version="1.0" encoding="UTF-8"?>
<!-- Generated by org.testng.reporters.JUnitReportReporter -->
<testsuite hostname="DESKTOP-1ID3PIC" failures="0" tests="3" name="soucedemo.FooterTesting" time="92.466" errors="0" timestamp="2024-03-18T10:30:32 IST" skipped="0">
  <testcase classname="soucedemo.FooterTesting" name="socialMediaButtons" time="29.346"/>
  <system-out/>
  <testcase classname="soucedemo.FooterTesting" name="socialMediaButtons" time="50.344"/>
  <system-out/>
  <testcase classname="soucedemo.FooterTesting" name="socialMediaButtons" time="12.776"/>
  <system-out/>
</testsuite> <!-- soucedemo.FooterTesting -->
