<?xml version="1.0" encoding="UTF-8"?>
<!-- Generated by org.testng.reporters.JUnitReportReporter -->
<testsuite hostname="DESKTOP-1ID3PIC" failures="0" tests="6" name="soucedemo.Cart" time="1.557" errors="0" timestamp="2024-03-17T12:47:18 IST" skipped="0">
  <testcase classname="soucedemo.Cart" name="cartButton" time="0.199"/>
  <system-out/>
  <testcase classname="soucedemo.Cart" name="addToCart" time="0.632"/>
  <system-out/>
  <testcase classname="soucedemo.Cart" name="removeButtonInCart" time="0.296"/>
  <system-out/>
  <testcase classname="soucedemo.Cart" name="removeButtonInMain" time="0.202"/>
  <system-out/>
  <testcase classname="soucedemo.Cart" name="productDetails" time="0.115"/>
  <system-out/>
  <testcase classname="soucedemo.Cart" name="backToProduts" time="0.113"/>
  <system-out/>
</testsuite> <!-- soucedemo.Cart -->
