<?xml version="1.0" encoding="UTF-8"?>
<!-- Generated by org.testng.reporters.JUnitReportReporter -->
<testsuite hostname="DESKTOP-1ID3PIC" failures="0" tests="15" name="soucedemo.Cart" time="21.806" errors="0" timestamp="2024-03-17T18:46:52 IST" skipped="0">
  <testcase classname="soucedemo.Cart" name="cartButton" time="0.237"/>
  <system-out/>
  <testcase classname="soucedemo.Cart" name="addToCart" time="0.596"/>
  <system-out/>
  <testcase classname="soucedemo.Cart" name="removeButtonInCart" time="0.267"/>
  <system-out/>
  <testcase classname="soucedemo.Cart" name="removeButtonInMain" time="0.342"/>
  <system-out/>
  <testcase classname="soucedemo.Cart" name="removeButtonInMain" time="0.229"/>
  <system-out/>
  <testcase classname="soucedemo.Cart" name="removeButtonInMain" time="0.207"/>
  <system-out/>
  <testcase classname="soucedemo.Cart" name="removeButtonInMain" time="0.232"/>
  <system-out/>
  <testcase classname="soucedemo.Cart" name="removeButtonInMain" time="0.273"/>
  <system-out/>
  <testcase classname="soucedemo.Cart" name="removeButtonInMain" time="0.266"/>
  <system-out/>
  <testcase classname="soucedemo.Cart" name="productDetails" time="3.134"/>
  <system-out/>
  <testcase classname="soucedemo.Cart" name="productDetails" time="3.187"/>
  <system-out/>
  <testcase classname="soucedemo.Cart" name="productDetails" time="3.243"/>
  <system-out/>
  <testcase classname="soucedemo.Cart" name="productDetails" time="3.221"/>
  <system-out/>
  <testcase classname="soucedemo.Cart" name="productDetails" time="3.224"/>
  <system-out/>
  <testcase classname="soucedemo.Cart" name="productDetails" time="3.148"/>
  <system-out/>
</testsuite> <!-- soucedemo.Cart -->
