<?xml version="1.0" encoding="UTF-8"?>
<!-- Generated by org.testng.reporters.JUnitReportReporter -->
<testsuite hostname="DESKTOP-1ID3PIC" failures="0" tests="1" name="soucedemo.MainPage" time="1.948" errors="0" timestamp="2024-03-15T15:10:24 IST" skipped="0">
  <testcase classname="soucedemo.MainPage" name="addToCart" time="1.948"/>
  <system-out/>
</testsuite> <!-- soucedemo.MainPage -->
