<?xml version="1.0" encoding="UTF-8"?>
<!-- Generated by org.testng.reporters.JUnitReportReporter -->
<testsuite hostname="DESKTOP-1ID3PIC" failures="0" tests="6" name="soucedemo.Checkout" time="9.396" errors="0" timestamp="2024-03-17T12:47:49 IST" skipped="0">
  <testcase classname="soucedemo.Checkout" name="emptyFirstName" time="2.743"/>
  <system-out/>
  <testcase classname="soucedemo.Checkout" name="emptyLastName" time="2.568"/>
  <system-out/>
  <testcase classname="soucedemo.Checkout" name="emptyZipCode" time="2.600"/>
  <system-out/>
  <testcase classname="soucedemo.Checkout" name="testCheckout" time="1.116"/>
  <system-out/>
  <testcase classname="soucedemo.Checkout" name="finishiButton" time="0.198"/>
  <system-out/>
  <testcase classname="soucedemo.Checkout" name="backHomeButton" time="0.171"/>
  <system-out/>
</testsuite> <!-- soucedemo.Checkout -->
