<?xml version="1.0" encoding="UTF-8"?>
<!-- Generated by org.testng.reporters.JUnitReportReporter -->
<testsuite hostname="DESKTOP-1ID3PIC" failures="0" tests="3" name="soucedemo.FooterTesting" time="24.897" errors="0" timestamp="2024-03-17T12:48:56 IST" skipped="0">
  <testcase classname="soucedemo.FooterTesting" name="linkTwitter" time="9.781"/>
  <system-out/>
  <testcase classname="soucedemo.FooterTesting" name="linkFacebook" time="7.678"/>
  <system-out/>
  <testcase classname="soucedemo.FooterTesting" name="linkLinkedIn" time="7.438"/>
  <system-out/>
</testsuite> <!-- soucedemo.FooterTesting -->
