<?xml version="1.0" encoding="UTF-8"?>
<!-- Generated by org.testng.reporters.JUnitReportReporter -->
<testsuite hostname="DESKTOP-1ID3PIC" failures="0" tests="3" name="soucedemo.ProductSorting" time="6.488" errors="0" timestamp="2024-03-17T12:58:02 IST" skipped="0">
  <testcase classname="soucedemo.ProductSorting" name="sortDropdown" time="2.195"/>
  <system-out/>
  <testcase classname="soucedemo.ProductSorting" name="sortPriceLowtoHigh" time="2.146"/>
  <system-out/>
  <testcase classname="soucedemo.ProductSorting" name="sortPriceHightoLow" time="2.147"/>
  <system-out/>
</testsuite> <!-- soucedemo.ProductSorting -->
